<?xml version="1.0" encoding="UTF-8"?>
<testsuite name="com.bridgelabz.IncorrectDelimiterTest" tests="1" skipped="0" failures="0" errors="0" timestamp="2021-06-17T10:11:15" hostname="DELL" time="0.216">
  <properties/>
  <testcase name="given_StateCode_WrongDelimiter_File_Should_Return_Exception" classname="com.bridgelabz.IncorrectDelimiterTest" time="0.216"/>
  <system-out><![CDATA[]]></system-out>
  <system-err><![CDATA[]]></system-err>
</testsuite>
