<?xml version="1.0" encoding="UTF-8"?>
<testsuite name="com.bridgelabz.IncorrectHeaderTest" tests="1" skipped="0" failures="0" errors="0" timestamp="2021-06-17T10:21:07" hostname="DELL" time="1.756">
  <properties/>
  <testcase name="given_StateCode_WrongHeader_File_Should_Return_Exception" classname="com.bridgelabz.IncorrectHeaderTest" time="1.756"/>
  <system-out><![CDATA[]]></system-out>
  <system-err><![CDATA[]]></system-err>
</testsuite>
