<?xml version="1.0" encoding="UTF-8"?>
<testsuite name="com.bridgelabz.IncorrectFilePath" tests="1" skipped="0" failures="0" errors="0" timestamp="2021-06-17T09:43:16" hostname="DELL" time="0.014">
  <properties/>
  <testcase name="givenStateCode_CSV_File_Should_Return_Exception" classname="com.bridgelabz.IncorrectFilePath" time="0.014"/>
  <system-out><![CDATA[]]></system-out>
  <system-err><![CDATA[]]></system-err>
</testsuite>
