<?xml version="1.0" encoding="UTF-8"?>
<testsuite name="com.bridgelabz.IncorrectFileTypeTest" tests="1" skipped="0" failures="0" errors="0" timestamp="2021-06-17T10:00:09" hostname="DELL" time="0.121">
  <properties/>
  <testcase name="given_StateCode_Txt_File_Returns_Exception" classname="com.bridgelabz.IncorrectFileTypeTest" time="0.121"/>
  <system-out><![CDATA[]]></system-out>
  <system-err><![CDATA[]]></system-err>
</testsuite>
